# JRE version: Java(TM) SE Runtime Environment (8.0_05-b13) (build 1.8.0_05-b13)
# Java VM: Java HotSpot(TM) 64-Bit Server VM (25.5-b02 mixed mode windows-amd64 compressed oops)
Heap:
 def new generation   total 28992K, used 23107K [0x00000000a2400000, 0x00000000a4370000, 0x00000000c1800000)
  eden space 25792K,  84% used [0x00000000a2400000, 0x00000000a39372f8, 0x00000000a3d30000)
  from space 3200K,  43% used [0x00000000a4050000, 0x00000000a41a9ca0, 0x00000000a4370000)
  to   space 3200K,   0% used [0x00000000a3d30000, 0x00000000a3d30000, 0x00000000a4050000)
 tenured generation   total 64256K, used 17644K [0x00000000c1800000, 0x00000000c56c0000, 0x0000000100000000)
   the space 64256K,  27% used [0x00000000c1800000, 0x00000000c293b050, 0x00000000c293b200, 0x00000000c56c0000)
 Metaspace       used 19420K, capacity 19968K, committed 20096K, reserved 1067008K
  class space    used 2241K, capacity 2364K, committed 2432K, reserved 1048576K
GC Heap History (10 events):
Event: 12.304 GC heap before
{Heap before GC invocations=917 (full 0):
 def new generation   total 1152K, used 1044K [0x00000000a2400000, 0x00000000a2540000, 0x00000000c1800000)
  eden space 1024K,  99% used [0x00000000a2400000, 0x00000000a24fdc10, 0x00000000a2500000)
  from space 128K,  23% used [0x00000000a2520000, 0x00000000a2527698, 0x00000000a2540000)
  to   space 128K,   0% used [0x00000000a2500000, 0x00000000a2500000, 0x00000000a2520000)
 tenured generation   total 64256K, used 64034K [0x00000000c1800000, 0x00000000c56c0000, 0x0000000100000000)
   the space 64256K,  99% used [0x00000000c1800000, 0x00000000c5688ac0, 0x00000000c5688c00, 0x00000000c56c0000)
 Metaspace       used 18322K, capacity 18862K, committed 19200K, reserved 1067008K
  class space    used 2118K, capacity 2249K, committed 2304K, reserved 1048576K
Event: 12.305 GC heap after
Heap after GC invocations=918 (full 0):
 def new generation   total 1152K, used 39K [0x00000000a2400000, 0x00000000a2540000, 0x00000000c1800000)
  eden space 1024K,   0% used [0x00000000a2400000, 0x00000000a2400000, 0x00000000a2500000)
  from space 128K,  30% used [0x00000000a2500000, 0x00000000a2509e50, 0x00000000a2520000)
  to   space 128K,   0% used [0x00000000a2520000, 0x00000000a2520000, 0x00000000a2540000)
 tenured generation   total 64256K, used 64034K [0x00000000c1800000, 0x00000000c56c0000, 0x0000000100000000)
   the space 64256K,  99% used [0x00000000c1800000, 0x00000000c5688ac0, 0x00000000c5688c00, 0x00000000c56c0000)
 Metaspace       used 18322K, capacity 18862K, committed 19200K, reserved 1067008K
  class space    used 2118K, capacity 2249K, committed 2304K, reserved 1048576K
}
Event: 12.306 GC heap before
{Heap before GC invocations=918 (full 0):
 def new generation   total 1152K, used 1055K [0x00000000a2400000, 0x00000000a2540000, 0x00000000c1800000)
  eden space 1024K,  99% used [0x00000000a2400000, 0x00000000a24fe108, 0x00000000a2500000)
  from space 128K,  30% used [0x00000000a2500000, 0x00000000a2509e50, 0x00000000a2520000)
  to   space 128K,   0% used [0x00000000a2520000, 0x00000000a2520000, 0x00000000a2540000)
 tenured generation   total 64256K, used 64034K [0x00000000c1800000, 0x00000000c56c0000, 0x0000000100000000)
   the space 64256K,  99% used [0x00000000c1800000, 0x00000000c5688ac0, 0x00000000c5688c00, 0x00000000c56c0000)
 Metaspace       used 18322K, capacity 18862K, committed 19200K, reserved 1067008K
  class space    used 2118K, capacity 2249K, committed 2304K, reserved 1048576K
Event: 12.307 GC heap after
Heap after GC invocations=919 (full 0):
 def new generation   total 1152K, used 39K [0x00000000a2400000, 0x00000000a2540000, 0x00000000c1800000)
  eden space 1024K,   0% used [0x00000000a2400000, 0x00000000a2400000, 0x00000000a2500000)
  from space 128K,  30% used [0x00000000a2520000, 0x00000000a2529e50, 0x00000000a2540000)
  to   space 128K,   0% used [0x00000000a2500000, 0x00000000a2500000, 0x00000000a2520000)
 tenured generation   total 64256K, used 64034K [0x00000000c1800000, 0x00000000c56c0000, 0x0000000100000000)
   the space 64256K,  99% used [0x00000000c1800000, 0x00000000c5688ac0, 0x00000000c5688c00, 0x00000000c56c0000)
 Metaspace       used 18322K, capacity 18862K, committed 19200K, reserved 1067008K
  class space    used 2118K, capacity 2249K, committed 2304K, reserved 1048576K
}
Event: 12.307 GC heap before
{Heap before GC invocations=919 (full 0):
 def new generation   total 1152K, used 1058K [0x00000000a2400000, 0x00000000a2540000, 0x00000000c1800000)
  eden space 1024K,  99% used [0x00000000a2400000, 0x00000000a24feb00, 0x00000000a2500000)
  from space 128K,  30% used [0x00000000a2520000, 0x00000000a2529e50, 0x00000000a2540000)
  to   space 128K,   0% used [0x00000000a2500000, 0x00000000a2500000, 0x00000000a2520000)
 tenured generation   total 64256K, used 64034K [0x00000000c1800000, 0x00000000c56c0000, 0x0000000100000000)
   the space 64256K,  99% used [0x00000000c1800000, 0x00000000c5688ac0, 0x00000000c5688c00, 0x00000000c56c0000)
 Metaspace       used 18322K, capacity 18862K, committed 19200K, reserved 1067008K
  class space    used 2118K, capacity 2249K, committed 2304K, reserved 1048576K
Event: 12.308 GC heap after
Heap after GC invocations=920 (full 0):
 def new generation   total 1152K, used 29K [0x00000000a2400000, 0x00000000a2540000, 0x00000000c1800000)
  eden space 1024K,   0% used [0x00000000a2400000, 0x00000000a2400000, 0x00000000a2500000)
  from space 128K,  23% used [0x00000000a2500000, 0x00000000a2507698, 0x00000000a2520000)
  to   space 128K,   0% used [0x00000000a2520000, 0x00000000a2520000, 0x00000000a2540000)
 tenured generation   total 64256K, used 64034K [0x00000000c1800000, 0x00000000c56c0000, 0x0000000100000000)
   the space 64256K,  99% used [0x00000000c1800000, 0x00000000c5688ac0, 0x00000000c5688c00, 0x00000000c56c0000)
 Metaspace       used 18322K, capacity 18862K, committed 19200K, reserved 1067008K
  class space    used 2118K, capacity 2249K, committed 2304K, reserved 1048576K
}
Event: 12.308 GC heap before
{Heap before GC invocations=920 (full 0):
 def new generation   total 1152K, used 950K [0x00000000a2400000, 0x00000000a2540000, 0x00000000c1800000)
  eden space 1024K,  89% used [0x00000000a2400000, 0x00000000a24e6488, 0x00000000a2500000)
  from space 128K,  23% used [0x00000000a2500000, 0x00000000a2507698, 0x00000000a2520000)
  to   space 128K,   0% used [0x00000000a2520000, 0x00000000a2520000, 0x00000000a2540000)
 tenured generation   total 64256K, used 64034K [0x00000000c1800000, 0x00000000c56c0000, 0x0000000100000000)
   the space 64256K,  99% used [0x00000000c1800000, 0x00000000c5688ac0, 0x00000000c5688c00, 0x00000000c56c0000)
 Metaspace       used 18322K, capacity 18862K, committed 19200K, reserved 1067008K
  class space    used 2118K, capacity 2249K, committed 2304K, reserved 1048576K
Event: 12.389 GC heap after
Heap after GC invocations=921 (full 1):
 def new generation   total 28992K, used 0K [0x00000000a2400000, 0x00000000a4370000, 0x00000000c1800000)
  eden space 25792K,   0% used [0x00000000a2400000, 0x00000000a2400000, 0x00000000a3d30000)
  from space 3200K,   0% used [0x00000000a3d30000, 0x00000000a3d30000, 0x00000000a4050000)
  to   space 3200K,   0% used [0x00000000a4050000, 0x00000000a4050000, 0x00000000a4370000)
 tenured generation   total 64256K, used 17644K [0x00000000c1800000, 0x00000000c56c0000, 0x0000000100000000)
   the space 64256K,  27% used [0x00000000c1800000, 0x00000000c293b050, 0x00000000c293b200, 0x00000000c56c0000)
 Metaspace       used 18156K, capacity 18622K, committed 19200K, reserved 1067008K
  class space    used 2101K, capacity 2209K, committed 2304K, reserved 1048576K
}
Event: 14.208 GC heap before
{Heap before GC invocations=921 (full 1):
 def new generation   total 28992K, used 25792K [0x00000000a2400000, 0x00000000a4370000, 0x00000000c1800000)
  eden space 25792K, 100% used [0x00000000a2400000, 0x00000000a3d30000, 0x00000000a3d30000)
  from space 3200K,   0% used [0x00000000a3d30000, 0x00000000a3d30000, 0x00000000a4050000)
  to   space 3200K,   0% used [0x00000000a4050000, 0x00000000a4050000, 0x00000000a4370000)
 tenured generation   total 64256K, used 17644K [0x00000000c1800000, 0x00000000c56c0000, 0x0000000100000000)
   the space 64256K,  27% used [0x00000000c1800000, 0x00000000c293b050, 0x00000000c293b200, 0x00000000c56c0000)
 Metaspace       used 18907K, capacity 19474K, committed 19840K, reserved 1067008K
  class space    used 2193K, capacity 2319K, committed 2432K, reserved 1048576K
Event: 14.213 GC heap after
Heap after GC invocations=922 (full 1):
 def new generation   total 28992K, used 1383K [0x00000000a2400000, 0x00000000a4370000, 0x00000000c1800000)
  eden space 25792K,   0% used [0x00000000a2400000, 0x00000000a2400000, 0x00000000a3d30000)
  from space 3200K,  43% used [0x00000000a4050000, 0x00000000a41a9ca0, 0x00000000a4370000)
  to   space 3200K,   0% used [0x00000000a3d30000, 0x00000000a3d30000, 0x00000000a4050000)
 tenured generation   total 64256K, used 17644K [0x00000000c1800000, 0x00000000c56c0000, 0x0000000100000000)
   the space 64256K,  27% used [0x00000000c1800000, 0x00000000c293b050, 0x00000000c293b200, 0x00000000c56c0000)
 Metaspace       used 18907K, capacity 19474K, committed 19840K, reserved 1067008K
  class space    used 2193K, capacity 2319K, committed 2432K, reserved 1048576K
}

